# JRE version: OpenJDK Runtime Environment (8.0_152-b01) (build 1.8.0_152-release-915-b01)
# Java VM: OpenJDK 64-Bit Server VM (25.152-b01 mixed mode windows-amd64 compressed oops)
Heap:
 PSYoungGen      total 22528K, used 11485K [0x00000000e0000000, 0x00000000e1c80000, 0x0000000100000000)
  eden space 15872K, 63% used [0x00000000e0000000,0x00000000e09e9350,0x00000000e0f80000)
  from space 6656K, 20% used [0x00000000e0f80000,0x00000000e10ce370,0x00000000e1600000)
  to   space 6656K, 0% used [0x00000000e1600000,0x00000000e1600000,0x00000000e1c80000)
 ParOldGen       total 26112K, used 11545K [0x00000000a0000000, 0x00000000a1980000, 0x00000000e0000000)
  object space 26112K, 44% used [0x00000000a0000000,0x00000000a0b466c0,0x00000000a1980000)
 Metaspace       used 30151K, capacity 30700K, committed 30976K, reserved 1075200K
  class space    used 4135K, capacity 4319K, committed 4352K, reserved 1048576K
GC Heap History (10 events):
Event: 46.862 GC heap before
{Heap before GC invocations=12 (full 1):
 PSYoungGen      total 21504K, used 19315K [0x00000000e0000000, 0x00000000e1b80000, 0x0000000100000000)
  eden space 15872K, 100% used [0x00000000e0000000,0x00000000e0f80000,0x00000000e0f80000)
  from space 5632K, 61% used [0x00000000e1600000,0x00000000e195cc40,0x00000000e1b80000)
  to   space 6144K, 0% used [0x00000000e0f80000,0x00000000e0f80000,0x00000000e1580000)
 ParOldGen       total 26112K, used 6972K [0x00000000a0000000, 0x00000000a1980000, 0x00000000e0000000)
  object space 26112K, 26% used [0x00000000a0000000,0x00000000a06cf2a8,0x00000000a1980000)
 Metaspace       used 24505K, capacity 25020K, committed 25216K, reserved 1071104K
  class space    used 3405K, capacity 3601K, committed 3712K, reserved 1048576K
Event: 46.868 GC heap after
Heap after GC invocations=12 (full 1):
 PSYoungGen      total 22016K, used 2002K [0x00000000e0000000, 0x00000000e1c80000, 0x0000000100000000)
  eden space 15872K, 0% used [0x00000000e0000000,0x00000000e0000000,0x00000000e0f80000)
  from space 6144K, 32% used [0x00000000e0f80000,0x00000000e1174878,0x00000000e1580000)
  to   space 6656K, 0% used [0x00000000e1600000,0x00000000e1600000,0x00000000e1c80000)
 ParOldGen       total 26112K, used 8876K [0x00000000a0000000, 0x00000000a1980000, 0x00000000e0000000)
  object space 26112K, 33% used [0x00000000a0000000,0x00000000a08ab318,0x00000000a1980000)
 Metaspace       used 24505K, capacity 25020K, committed 25216K, reserved 1071104K
  class space    used 3405K, capacity 3601K, committed 3712K, reserved 1048576K
}
Event: 47.337 GC heap before
{Heap before GC invocations=13 (full 1):
 PSYoungGen      total 22016K, used 17874K [0x00000000e0000000, 0x00000000e1c80000, 0x0000000100000000)
  eden space 15872K, 100% used [0x00000000e0000000,0x00000000e0f80000,0x00000000e0f80000)
  from space 6144K, 32% used [0x00000000e0f80000,0x00000000e1174878,0x00000000e1580000)
  to   space 6656K, 0% used [0x00000000e1600000,0x00000000e1600000,0x00000000e1c80000)
 ParOldGen       total 26112K, used 8876K [0x00000000a0000000, 0x00000000a1980000, 0x00000000e0000000)
  object space 26112K, 33% used [0x00000000a0000000,0x00000000a08ab318,0x00000000a1980000)
 Metaspace       used 25758K, capacity 26274K, committed 26496K, reserved 1073152K
  class space    used 3528K, capacity 3698K, committed 3712K, reserved 1048576K
Event: 47.344 GC heap after
Heap after GC invocations=13 (full 1):
 PSYoungGen      total 22528K, used 1427K [0x00000000e0000000, 0x00000000e1c80000, 0x0000000100000000)
  eden space 15872K, 0% used [0x00000000e0000000,0x00000000e0000000,0x00000000e0f80000)
  from space 6656K, 21% used [0x00000000e1600000,0x00000000e1764cc0,0x00000000e1c80000)
  to   space 6656K, 0% used [0x00000000e0f80000,0x00000000e0f80000,0x00000000e1600000)
 ParOldGen       total 26112K, used 9877K [0x00000000a0000000, 0x00000000a1980000, 0x00000000e0000000)
  object space 26112K, 37% used [0x00000000a0000000,0x00000000a09a5618,0x00000000a1980000)
 Metaspace       used 25758K, capacity 26274K, committed 26496K, reserved 1073152K
  class space    used 3528K, capacity 3698K, committed 3712K, reserved 1048576K
}
Event: 48.301 GC heap before
{Heap before GC invocations=14 (full 1):
 PSYoungGen      total 22528K, used 17299K [0x00000000e0000000, 0x00000000e1c80000, 0x0000000100000000)
  eden space 15872K, 100% used [0x00000000e0000000,0x00000000e0f80000,0x00000000e0f80000)
  from space 6656K, 21% used [0x00000000e1600000,0x00000000e1764cc0,0x00000000e1c80000)
  to   space 6656K, 0% used [0x00000000e0f80000,0x00000000e0f80000,0x00000000e1600000)
 ParOldGen       total 26112K, used 9877K [0x00000000a0000000, 0x00000000a1980000, 0x00000000e0000000)
  object space 26112K, 37% used [0x00000000a0000000,0x00000000a09a5618,0x00000000a1980000)
 Metaspace       used 26968K, capacity 27494K, committed 27776K, reserved 1073152K
  class space    used 3744K, capacity 3934K, committed 3968K, reserved 1048576K
Event: 48.307 GC heap after
Heap after GC invocations=14 (full 1):
 PSYoungGen      total 22528K, used 1697K [0x00000000e0000000, 0x00000000e1c80000, 0x0000000100000000)
  eden space 15872K, 0% used [0x00000000e0000000,0x00000000e0000000,0x00000000e0f80000)
  from space 6656K, 25% used [0x00000000e0f80000,0x00000000e1128708,0x00000000e1600000)
  to   space 6656K, 0% used [0x00000000e1600000,0x00000000e1600000,0x00000000e1c80000)
 ParOldGen       total 26112K, used 10650K [0x00000000a0000000, 0x00000000a1980000, 0x00000000e0000000)
  object space 26112K, 40% used [0x00000000a0000000,0x00000000a0a66830,0x00000000a1980000)
 Metaspace       used 26968K, capacity 27494K, committed 27776K, reserved 1073152K
  class space    used 3744K, capacity 3934K, committed 3968K, reserved 1048576K
}
Event: 48.540 GC heap before
{Heap before GC invocations=15 (full 1):
 PSYoungGen      total 22528K, used 17569K [0x00000000e0000000, 0x00000000e1c80000, 0x0000000100000000)
  eden space 15872K, 100% used [0x00000000e0000000,0x00000000e0f80000,0x00000000e0f80000)
  from space 6656K, 25% used [0x00000000e0f80000,0x00000000e1128708,0x00000000e1600000)
  to   space 6656K, 0% used [0x00000000e1600000,0x00000000e1600000,0x00000000e1c80000)
 ParOldGen       total 26112K, used 10650K [0x00000000a0000000, 0x00000000a1980000, 0x00000000e0000000)
  object space 26112K, 40% used [0x00000000a0000000,0x00000000a0a66830,0x00000000a1980000)
 Metaspace       used 27860K, capacity 28396K, committed 28672K, reserved 1073152K
  class space    used 3893K, capacity 4063K, committed 4096K, reserved 1048576K
Event: 48.543 GC heap after
Heap after GC invocations=15 (full 1):
 PSYoungGen      total 22528K, used 1365K [0x00000000e0000000, 0x00000000e1c80000, 0x0000000100000000)
  eden space 15872K, 0% used [0x00000000e0000000,0x00000000e0000000,0x00000000e0f80000)
  from space 6656K, 20% used [0x00000000e1600000,0x00000000e1755450,0x00000000e1c80000)
  to   space 6656K, 0% used [0x00000000e0f80000,0x00000000e0f80000,0x00000000e1600000)
 ParOldGen       total 26112K, used 11201K [0x00000000a0000000, 0x00000000a1980000, 0x00000000e0000000)
  object space 26112K, 42% used [0x00000000a0000000,0x00000000a0af06c0,0x00000000a1980000)
 Metaspace       used 27860K, capacity 28396K, committed 28672K, reserved 1073152K
  class space    used 3893K, capacity 4063K, committed 4096K, reserved 1048576K
}
Event: 49.968 GC heap before
{Heap before GC invocations=16 (full 1):
 PSYoungGen      total 22528K, used 17237K [0x00000000e0000000, 0x00000000e1c80000, 0x0000000100000000)
  eden space 15872K, 100% used [0x00000000e0000000,0x00000000e0f80000,0x00000000e0f80000)
  from space 6656K, 20% used [0x00000000e1600000,0x00000000e1755450,0x00000000e1c80000)
  to   space 6656K, 0% used [0x00000000e0f80000,0x00000000e0f80000,0x00000000e1600000)
 ParOldGen       total 26112K, used 11201K [0x00000000a0000000, 0x00000000a1980000, 0x00000000e0000000)
  object space 26112K, 42% used [0x00000000a0000000,0x00000000a0af06c0,0x00000000a1980000)
 Metaspace       used 30070K, capacity 30636K, committed 30976K, reserved 1075200K
  class space    used 4135K, capacity 4319K, committed 4352K, reserved 1048576K
Event: 49.974 GC heap after
Heap after GC invocations=16 (full 1):
 PSYoungGen      total 22528K, used 1336K [0x00000000e0000000, 0x00000000e1c80000, 0x0000000100000000)
  eden space 15872K, 0% used [0x00000000e0000000,0x00000000e0000000,0x00000000e0f80000)
  from space 6656K, 20% used [0x00000000e0f80000,0x00000000e10ce370,0x00000000e1600000)
  to   space 6656K, 0% used [0x00000000e1600000,0x00000000e1600000,0x00000000e1c80000)
 ParOldGen       total 26112K, used 11545K [0x00000000a0000000, 0x00000000a1980000, 0x00000000e0000000)
  object space 26112K, 44% used [0x00000000a0000000,0x00000000a0b466c0,0x00000000a1980000)
 Metaspace       used 30070K, capacity 30636K, committed 30976K, reserved 1075200K
  class space    used 4135K, capacity 4319K, committed 4352K, reserved 1048576K
}

